Copyright 1986-2022 Xilinx, Inc. All Rights Reserved. Copyright 2022-2025 Advanced Micro Devices, Inc. All Rights Reserved.
---------------------------------------------------------------------------------------------------------------------------------------------------------------------------------------------------------------------------------------------------------------
| Tool Version : Vivado v.2025.2 (win64) Build 6299465 Fri Nov 14 19:35:11 GMT 2025
| Date         : Tue Jun 23 13:39:21 2026
| Host         : JASON-G14 running 64-bit major release  (build 9200)
| Command      : report_timing_summary -max_paths 10 -routable_nets -report_unconstrained -file digital_stopwatch_timing_summary_routed.rpt -pb digital_stopwatch_timing_summary_routed.pb -rpx digital_stopwatch_timing_summary_routed.rpx -warn_on_violation
| Design       : digital_stopwatch
| Device       : 7a35t-ftg256
| Speed File   : -1  PRODUCTION 1.23 2018-06-13
| Design State : Routed
---------------------------------------------------------------------------------------------------------------------------------------------------------------------------------------------------------------------------------------------------------------

Timing Summary Report

------------------------------------------------------------------------------------------------
| Timer Settings
| --------------
------------------------------------------------------------------------------------------------

  Enable Multi Corner Analysis               :  Yes
  Enable Pessimism Removal                   :  Yes
  Pessimism Removal Resolution               :  Nearest Common Node
  Enable Input Delay Default Clock           :  No
  Enable Preset / Clear Arcs                 :  No
  Disable Flight Delays                      :  No
  Ignore I/O Paths                           :  No
  Timing Early Launch at Borrowing Latches   :  No
  Borrow Time for Max Delay Exceptions       :  Yes
  Merge Timing Exceptions                    :  Yes
  Inter-SLR Compensation                     :  Conservative

  Corner  Analyze    Analyze    
  Name    Max Paths  Min Paths  
  ------  ---------  ---------  
  Slow    Yes        Yes        
  Fast    Yes        Yes        


------------------------------------------------------------------------------------------------
| Report Methodology
| ------------------
------------------------------------------------------------------------------------------------

Rule       Severity          Description                  Violations  
---------  ----------------  ---------------------------  ----------  
TIMING-17  Critical Warning  Non-clocked sequential cell  65          

Note: This report is based on the most recent report_methodology run and may not be up-to-date. Run report_methodology on the current design for the latest report.



check_timing report

Table of Contents
-----------------
1. checking no_clock (65)
2. checking constant_clock (0)
3. checking pulse_width_clock (0)
4. checking unconstrained_internal_endpoints (155)
5. checking no_input_delay (5)
6. checking no_output_delay (16)
7. checking multiple_clock (0)
8. checking generated_clocks (0)
9. checking loops (0)
10. checking partial_input_delay (0)
11. checking partial_output_delay (0)
12. checking latch_loops (0)

1. checking no_clock (65)
-------------------------
 There are 65 register/latch pins with no clock driven by root clock pin: clk (HIGH)


2. checking constant_clock (0)
------------------------------
 There are 0 register/latch pins with constant_clock.


3. checking pulse_width_clock (0)
---------------------------------
 There are 0 register/latch pins which need pulse_width check


4. checking unconstrained_internal_endpoints (155)
--------------------------------------------------
 There are 155 pins that are not constrained for maximum delay. (HIGH)

 There are 0 pins that are not constrained for maximum delay due to constant clock.


5. checking no_input_delay (5)
------------------------------
 There are 5 input ports with no input delay specified. (HIGH)

 There are 0 input ports with no input delay but user has a false path constraint.


6. checking no_output_delay (16)
--------------------------------
 There are 16 ports with no output delay specified. (HIGH)

 There are 0 ports with no output delay but user has a false path constraint

 There are 0 ports with no output delay but with a timing clock defined on it or propagating through it


7. checking multiple_clock (0)
------------------------------
 There are 0 register/latch pins with multiple clocks.


8. checking generated_clocks (0)
--------------------------------
 There are 0 generated clocks that are not connected to a clock source.


9. checking loops (0)
---------------------
 There are 0 combinational loops in the design.


10. checking partial_input_delay (0)
------------------------------------
 There are 0 input ports with partial input delay specified.


11. checking partial_output_delay (0)
-------------------------------------
 There are 0 ports with partial output delay specified.


12. checking latch_loops (0)
----------------------------
 There are 0 combinational latch loops in the design through latch input



------------------------------------------------------------------------------------------------
| Design Timing Summary
| ---------------------
------------------------------------------------------------------------------------------------

    WNS(ns)      TNS(ns)  TNS Failing Endpoints  TNS Total Endpoints      WHS(ns)      THS(ns)  THS Failing Endpoints  THS Total Endpoints     WPWS(ns)     TPWS(ns)  TPWS Failing Endpoints  TPWS Total Endpoints  
    -------      -------  ---------------------  -------------------      -------      -------  ---------------------  -------------------     --------     --------  ----------------------  --------------------  
        inf        0.000                      0                  171          inf        0.000                      0                  171           NA           NA                      NA                    NA  


There are no user specified timing constraints.


------------------------------------------------------------------------------------------------
| Clock Summary
| -------------
------------------------------------------------------------------------------------------------


------------------------------------------------------------------------------------------------
| Intra Clock Table
| -----------------
------------------------------------------------------------------------------------------------

Clock             WNS(ns)      TNS(ns)  TNS Failing Endpoints  TNS Total Endpoints      WHS(ns)      THS(ns)  THS Failing Endpoints  THS Total Endpoints     WPWS(ns)     TPWS(ns)  TPWS Failing Endpoints  TPWS Total Endpoints  
-----             -------      -------  ---------------------  -------------------      -------      -------  ---------------------  -------------------     --------     --------  ----------------------  --------------------  


------------------------------------------------------------------------------------------------
| Inter Clock Table
| -----------------
------------------------------------------------------------------------------------------------

From Clock    To Clock          WNS(ns)      TNS(ns)  TNS Failing Endpoints  TNS Total Endpoints      WHS(ns)      THS(ns)  THS Failing Endpoints  THS Total Endpoints  
----------    --------          -------      -------  ---------------------  -------------------      -------      -------  ---------------------  -------------------  


------------------------------------------------------------------------------------------------
| Other Path Groups Table
| -----------------------
------------------------------------------------------------------------------------------------

Path Group    From Clock    To Clock          WNS(ns)      TNS(ns)  TNS Failing Endpoints  TNS Total Endpoints      WHS(ns)      THS(ns)  THS Failing Endpoints  THS Total Endpoints  
----------    ----------    --------          -------      -------  ---------------------  -------------------      -------      -------  ---------------------  -------------------  


------------------------------------------------------------------------------------------------
| User Ignored Path Table
| -----------------------
------------------------------------------------------------------------------------------------

Path Group    From Clock    To Clock    
----------    ----------    --------    


------------------------------------------------------------------------------------------------
| Unconstrained Path Table
| ------------------------
------------------------------------------------------------------------------------------------

Path Group    From Clock    To Clock    
----------    ----------    --------    
(none)                                    


------------------------------------------------------------------------------------------------
| Timing Details
| --------------
------------------------------------------------------------------------------------------------


--------------------------------------------------------------------------------------
Path Group:  (none)
From Clock:  
  To Clock:  

Max Delay           171 Endpoints
Min Delay           171 Endpoints
--------------------------------------------------------------------------------------


Max Delay Paths
--------------------------------------------------------------------------------------
Slack:                    inf
  Source:                 FSM_onehot_state_reg[1]/C
                            (rising edge-triggered cell FDRE)
  Destination:            time_count[11]
                            (output port)
  Path Group:             (none)
  Path Type:              Max at Slow Process Corner
  Data Path Delay:        10.430ns  (logic 4.159ns (39.873%)  route 6.271ns (60.127%))
  Logic Levels:           3  (FDRE=1 LUT4=1 OBUF=1)

    Location             Delay type                Incr(ns)  Path(ns)    Netlist Resource(s)
  -------------------------------------------------------------------    -------------------
    SLICE_X65Y47         FDRE                         0.000     0.000 r  FSM_onehot_state_reg[1]/C
    SLICE_X65Y47         FDRE (Prop_fdre_C_Q)         0.456     0.456 r  FSM_onehot_state_reg[1]/Q
                         net (fo=21, routed)          1.428     1.884    FSM_onehot_state_reg_n_0_[1]
    SLICE_X62Y51         LUT4 (Prop_lut4_I3_O)        0.124     2.008 r  time_count_OBUF[11]_inst_i_1/O
                         net (fo=1, routed)           4.843     6.851    time_count_OBUF[11]
    R6                   OBUF (Prop_obuf_I_O)         3.579    10.430 r  time_count_OBUF[11]_inst/O
                         net (fo=0)                   0.000    10.430    time_count[11]
    R6                                                                r  time_count[11] (OUT)
  -------------------------------------------------------------------    -------------------

Slack:                    inf
  Source:                 FSM_onehot_state_reg[2]/C
                            (rising edge-triggered cell FDRE)
  Destination:            time_count[10]
                            (output port)
  Path Group:             (none)
  Path Type:              Max at Slow Process Corner
  Data Path Delay:        10.118ns  (logic 4.159ns (41.101%)  route 5.959ns (58.899%))
  Logic Levels:           3  (FDRE=1 LUT4=1 OBUF=1)

    Location             Delay type                Incr(ns)  Path(ns)    Netlist Resource(s)
  -------------------------------------------------------------------    -------------------
    SLICE_X65Y47         FDRE                         0.000     0.000 r  FSM_onehot_state_reg[2]/C
    SLICE_X65Y47         FDRE (Prop_fdre_C_Q)         0.456     0.456 r  FSM_onehot_state_reg[2]/Q
                         net (fo=21, routed)          1.172     1.628    FSM_onehot_state_reg_n_0_[2]
    SLICE_X61Y48         LUT4 (Prop_lut4_I0_O)        0.124     1.752 r  time_count_OBUF[10]_inst_i_1/O
                         net (fo=1, routed)           4.787     6.539    time_count_OBUF[10]
    R7                   OBUF (Prop_obuf_I_O)         3.579    10.118 r  time_count_OBUF[10]_inst/O
                         net (fo=0)                   0.000    10.118    time_count[10]
    R7                                                                r  time_count[10] (OUT)
  -------------------------------------------------------------------    -------------------

Slack:                    inf
  Source:                 FSM_onehot_state_reg[2]/C
                            (rising edge-triggered cell FDRE)
  Destination:            time_count[12]
                            (output port)
  Path Group:             (none)
  Path Type:              Max at Slow Process Corner
  Data Path Delay:        9.818ns  (logic 4.148ns (42.244%)  route 5.671ns (57.756%))
  Logic Levels:           3  (FDRE=1 LUT4=1 OBUF=1)

    Location             Delay type                Incr(ns)  Path(ns)    Netlist Resource(s)
  -------------------------------------------------------------------    -------------------
    SLICE_X65Y47         FDRE                         0.000     0.000 r  FSM_onehot_state_reg[2]/C
    SLICE_X65Y47         FDRE (Prop_fdre_C_Q)         0.456     0.456 r  FSM_onehot_state_reg[2]/Q
                         net (fo=21, routed)          1.158     1.614    FSM_onehot_state_reg_n_0_[2]
    SLICE_X60Y48         LUT4 (Prop_lut4_I0_O)        0.124     1.738 r  time_count_OBUF[12]_inst_i_1/O
                         net (fo=1, routed)           4.513     6.251    time_count_OBUF[12]
    T5                   OBUF (Prop_obuf_I_O)         3.568     9.818 r  time_count_OBUF[12]_inst/O
                         net (fo=0)                   0.000     9.818    time_count[12]
    T5                                                                r  time_count[12] (OUT)
  -------------------------------------------------------------------    -------------------

Slack:                    inf
  Source:                 FSM_onehot_state_reg[1]/C
                            (rising edge-triggered cell FDRE)
  Destination:            time_count[13]
                            (output port)
  Path Group:             (none)
  Path Type:              Max at Slow Process Corner
  Data Path Delay:        9.811ns  (logic 4.144ns (42.238%)  route 5.667ns (57.762%))
  Logic Levels:           3  (FDRE=1 LUT4=1 OBUF=1)

    Location             Delay type                Incr(ns)  Path(ns)    Netlist Resource(s)
  -------------------------------------------------------------------    -------------------
    SLICE_X65Y47         FDRE                         0.000     0.000 r  FSM_onehot_state_reg[1]/C
    SLICE_X65Y47         FDRE (Prop_fdre_C_Q)         0.456     0.456 r  FSM_onehot_state_reg[1]/Q
                         net (fo=21, routed)          1.045     1.501    FSM_onehot_state_reg_n_0_[1]
    SLICE_X60Y48         LUT4 (Prop_lut4_I3_O)        0.124     1.625 r  time_count_OBUF[13]_inst_i_1/O
                         net (fo=1, routed)           4.623     6.247    time_count_OBUF[13]
    R5                   OBUF (Prop_obuf_I_O)         3.564     9.811 r  time_count_OBUF[13]_inst/O
                         net (fo=0)                   0.000     9.811    time_count[13]
    R5                                                                r  time_count[13] (OUT)
  -------------------------------------------------------------------    -------------------

Slack:                    inf
  Source:                 FSM_onehot_state_reg[2]/C
                            (rising edge-triggered cell FDRE)
  Destination:            time_count[15]
                            (output port)
  Path Group:             (none)
  Path Type:              Max at Slow Process Corner
  Data Path Delay:        9.799ns  (logic 4.148ns (42.328%)  route 5.652ns (57.672%))
  Logic Levels:           3  (FDRE=1 LUT4=1 OBUF=1)

    Location             Delay type                Incr(ns)  Path(ns)    Netlist Resource(s)
  -------------------------------------------------------------------    -------------------
    SLICE_X65Y47         FDRE                         0.000     0.000 r  FSM_onehot_state_reg[2]/C
    SLICE_X65Y47         FDRE (Prop_fdre_C_Q)         0.456     0.456 r  FSM_onehot_state_reg[2]/Q
                         net (fo=21, routed)          1.024     1.480    FSM_onehot_state_reg_n_0_[2]
    SLICE_X60Y48         LUT4 (Prop_lut4_I0_O)        0.124     1.604 r  time_count_OBUF[15]_inst_i_1/O
                         net (fo=1, routed)           4.627     6.232    time_count_OBUF[15]
    T9                   OBUF (Prop_obuf_I_O)         3.568     9.799 r  time_count_OBUF[15]_inst/O
                         net (fo=0)                   0.000     9.799    time_count[15]
    T9                                                                r  time_count[15] (OUT)
  -------------------------------------------------------------------    -------------------

Slack:                    inf
  Source:                 FSM_onehot_state_reg[2]/C
                            (rising edge-triggered cell FDRE)
  Destination:            time_count[9]
                            (output port)
  Path Group:             (none)
  Path Type:              Max at Slow Process Corner
  Data Path Delay:        9.767ns  (logic 4.145ns (42.435%)  route 5.622ns (57.565%))
  Logic Levels:           3  (FDRE=1 LUT4=1 OBUF=1)

    Location             Delay type                Incr(ns)  Path(ns)    Netlist Resource(s)
  -------------------------------------------------------------------    -------------------
    SLICE_X65Y47         FDRE                         0.000     0.000 r  FSM_onehot_state_reg[2]/C
    SLICE_X65Y47         FDRE (Prop_fdre_C_Q)         0.456     0.456 r  FSM_onehot_state_reg[2]/Q
                         net (fo=21, routed)          1.176     1.632    FSM_onehot_state_reg_n_0_[2]
    SLICE_X60Y48         LUT4 (Prop_lut4_I0_O)        0.124     1.756 r  time_count_OBUF[9]_inst_i_1/O
                         net (fo=1, routed)           4.446     6.202    time_count_OBUF[9]
    P6                   OBUF (Prop_obuf_I_O)         3.565     9.767 r  time_count_OBUF[9]_inst/O
                         net (fo=0)                   0.000     9.767    time_count[9]
    P6                                                                r  time_count[9] (OUT)
  -------------------------------------------------------------------    -------------------

Slack:                    inf
  Source:                 FSM_onehot_state_reg[2]/C
                            (rising edge-triggered cell FDRE)
  Destination:            time_count[14]
                            (output port)
  Path Group:             (none)
  Path Type:              Max at Slow Process Corner
  Data Path Delay:        9.323ns  (logic 4.146ns (44.476%)  route 5.177ns (55.524%))
  Logic Levels:           3  (FDRE=1 LUT4=1 OBUF=1)

    Location             Delay type                Incr(ns)  Path(ns)    Netlist Resource(s)
  -------------------------------------------------------------------    -------------------
    SLICE_X65Y47         FDRE                         0.000     0.000 r  FSM_onehot_state_reg[2]/C
    SLICE_X65Y47         FDRE (Prop_fdre_C_Q)         0.456     0.456 r  FSM_onehot_state_reg[2]/Q
                         net (fo=21, routed)          1.233     1.689    FSM_onehot_state_reg_n_0_[2]
    SLICE_X62Y51         LUT4 (Prop_lut4_I0_O)        0.124     1.813 r  time_count_OBUF[14]_inst_i_1/O
                         net (fo=1, routed)           3.944     5.757    time_count_OBUF[14]
    T10                  OBUF (Prop_obuf_I_O)         3.566     9.323 r  time_count_OBUF[14]_inst/O
                         net (fo=0)                   0.000     9.323    time_count[14]
    T10                                                               r  time_count[14] (OUT)
  -------------------------------------------------------------------    -------------------

Slack:                    inf
  Source:                 FSM_onehot_state_reg[1]/C
                            (rising edge-triggered cell FDRE)
  Destination:            time_count[6]
                            (output port)
  Path Group:             (none)
  Path Type:              Max at Slow Process Corner
  Data Path Delay:        7.448ns  (logic 4.087ns (54.882%)  route 3.360ns (45.118%))
  Logic Levels:           3  (FDRE=1 LUT4=1 OBUF=1)

    Location             Delay type                Incr(ns)  Path(ns)    Netlist Resource(s)
  -------------------------------------------------------------------    -------------------
    SLICE_X65Y47         FDRE                         0.000     0.000 r  FSM_onehot_state_reg[1]/C
    SLICE_X65Y47         FDRE (Prop_fdre_C_Q)         0.456     0.456 r  FSM_onehot_state_reg[1]/Q
                         net (fo=21, routed)          1.557     2.013    FSM_onehot_state_reg_n_0_[1]
    SLICE_X64Y50         LUT4 (Prop_lut4_I3_O)        0.124     2.137 r  time_count_OBUF[6]_inst_i_1/O
                         net (fo=1, routed)           1.803     3.940    time_count_OBUF[6]
    K3                   OBUF (Prop_obuf_I_O)         3.507     7.448 r  time_count_OBUF[6]_inst/O
                         net (fo=0)                   0.000     7.448    time_count[6]
    K3                                                                r  time_count[6] (OUT)
  -------------------------------------------------------------------    -------------------

Slack:                    inf
  Source:                 FSM_onehot_state_reg[1]/C
                            (rising edge-triggered cell FDRE)
  Destination:            time_count[5]
                            (output port)
  Path Group:             (none)
  Path Type:              Max at Slow Process Corner
  Data Path Delay:        7.352ns  (logic 4.111ns (55.919%)  route 3.241ns (44.081%))
  Logic Levels:           3  (FDRE=1 LUT4=1 OBUF=1)

    Location             Delay type                Incr(ns)  Path(ns)    Netlist Resource(s)
  -------------------------------------------------------------------    -------------------
    SLICE_X65Y47         FDRE                         0.000     0.000 r  FSM_onehot_state_reg[1]/C
    SLICE_X65Y47         FDRE (Prop_fdre_C_Q)         0.456     0.456 r  FSM_onehot_state_reg[1]/Q
                         net (fo=21, routed)          1.547     2.003    FSM_onehot_state_reg_n_0_[1]
    SLICE_X62Y52         LUT4 (Prop_lut4_I3_O)        0.124     2.127 r  time_count_OBUF[5]_inst_i_1/O
                         net (fo=1, routed)           1.694     3.821    time_count_OBUF[5]
    L2                   OBUF (Prop_obuf_I_O)         3.531     7.352 r  time_count_OBUF[5]_inst/O
                         net (fo=0)                   0.000     7.352    time_count[5]
    L2                                                                r  time_count[5] (OUT)
  -------------------------------------------------------------------    -------------------

Slack:                    inf
  Source:                 FSM_onehot_state_reg[2]/C
                            (rising edge-triggered cell FDRE)
  Destination:            time_count[4]
                            (output port)
  Path Group:             (none)
  Path Type:              Max at Slow Process Corner
  Data Path Delay:        7.338ns  (logic 4.109ns (55.996%)  route 3.229ns (44.004%))
  Logic Levels:           3  (FDRE=1 LUT4=1 OBUF=1)

    Location             Delay type                Incr(ns)  Path(ns)    Netlist Resource(s)
  -------------------------------------------------------------------    -------------------
    SLICE_X65Y47         FDRE                         0.000     0.000 r  FSM_onehot_state_reg[2]/C
    SLICE_X65Y47         FDRE (Prop_fdre_C_Q)         0.456     0.456 r  FSM_onehot_state_reg[2]/Q
                         net (fo=21, routed)          1.364     1.820    FSM_onehot_state_reg_n_0_[2]
    SLICE_X64Y50         LUT4 (Prop_lut4_I0_O)        0.124     1.944 r  time_count_OBUF[4]_inst_i_1/O
                         net (fo=1, routed)           1.865     3.809    time_count_OBUF[4]
    L3                   OBUF (Prop_obuf_I_O)         3.529     7.338 r  time_count_OBUF[4]_inst/O
                         net (fo=0)                   0.000     7.338    time_count[4]
    L3                                                                r  time_count[4] (OUT)
  -------------------------------------------------------------------    -------------------





Min Delay Paths
--------------------------------------------------------------------------------------
Slack:                    inf
  Source:                 FSM_onehot_state_reg[1]/C
                            (rising edge-triggered cell FDRE)
  Destination:            FSM_onehot_state_reg[0]/D
  Path Group:             (none)
  Path Type:              Min at Fast Process Corner
  Data Path Delay:        0.300ns  (logic 0.186ns (61.916%)  route 0.114ns (38.084%))
  Logic Levels:           2  (FDRE=1 LUT6=1)

    Location             Delay type                Incr(ns)  Path(ns)    Netlist Resource(s)
  -------------------------------------------------------------------    -------------------
    SLICE_X65Y47         FDRE                         0.000     0.000 r  FSM_onehot_state_reg[1]/C
    SLICE_X65Y47         FDRE (Prop_fdre_C_Q)         0.141     0.141 r  FSM_onehot_state_reg[1]/Q
                         net (fo=21, routed)          0.114     0.255    FSM_onehot_state_reg_n_0_[1]
    SLICE_X64Y47         LUT6 (Prop_lut6_I1_O)        0.045     0.300 r  FSM_onehot_state[0]_i_1/O
                         net (fo=1, routed)           0.000     0.300    FSM_onehot_state[0]_i_1_n_0
    SLICE_X64Y47         FDRE                                         r  FSM_onehot_state_reg[0]/D
  -------------------------------------------------------------------    -------------------

Slack:                    inf
  Source:                 time_c_reg[14]/C
                            (rising edge-triggered cell FDRE)
  Destination:            lap_c_reg[14]/D
  Path Group:             (none)
  Path Type:              Min at Fast Process Corner
  Data Path Delay:        0.309ns  (logic 0.141ns (45.642%)  route 0.168ns (54.358%))
  Logic Levels:           1  (FDRE=1)

    Location             Delay type                Incr(ns)  Path(ns)    Netlist Resource(s)
  -------------------------------------------------------------------    -------------------
    SLICE_X62Y50         FDRE                         0.000     0.000 r  time_c_reg[14]/C
    SLICE_X62Y50         FDRE (Prop_fdre_C_Q)         0.141     0.141 r  time_c_reg[14]/Q
                         net (fo=3, routed)           0.168     0.309    time_c_reg[14]
    SLICE_X62Y51         FDRE                                         r  lap_c_reg[14]/D
  -------------------------------------------------------------------    -------------------

Slack:                    inf
  Source:                 time_c_reg[6]/C
                            (rising edge-triggered cell FDRE)
  Destination:            lap_c_reg[6]/D
  Path Group:             (none)
  Path Type:              Min at Fast Process Corner
  Data Path Delay:        0.310ns  (logic 0.141ns (45.428%)  route 0.169ns (54.572%))
  Logic Levels:           1  (FDRE=1)

    Location             Delay type                Incr(ns)  Path(ns)    Netlist Resource(s)
  -------------------------------------------------------------------    -------------------
    SLICE_X62Y48         FDRE                         0.000     0.000 r  time_c_reg[6]/C
    SLICE_X62Y48         FDRE (Prop_fdre_C_Q)         0.141     0.141 r  time_c_reg[6]/Q
                         net (fo=3, routed)           0.169     0.310    time_c_reg[6]
    SLICE_X64Y50         FDRE                                         r  lap_c_reg[6]/D
  -------------------------------------------------------------------    -------------------

Slack:                    inf
  Source:                 time_c_reg[8]/C
                            (rising edge-triggered cell FDRE)
  Destination:            lap_c_reg[8]/D
  Path Group:             (none)
  Path Type:              Min at Fast Process Corner
  Data Path Delay:        0.321ns  (logic 0.141ns (43.882%)  route 0.180ns (56.118%))
  Logic Levels:           1  (FDRE=1)

    Location             Delay type                Incr(ns)  Path(ns)    Netlist Resource(s)
  -------------------------------------------------------------------    -------------------
    SLICE_X62Y49         FDRE                         0.000     0.000 r  time_c_reg[8]/C
    SLICE_X62Y49         FDRE (Prop_fdre_C_Q)         0.141     0.141 r  time_c_reg[8]/Q
                         net (fo=3, routed)           0.180     0.321    time_c_reg[8]
    SLICE_X64Y50         FDRE                                         r  lap_c_reg[8]/D
  -------------------------------------------------------------------    -------------------

Slack:                    inf
  Source:                 time_c_reg[12]/C
                            (rising edge-triggered cell FDRE)
  Destination:            lap_c_reg[12]/D
  Path Group:             (none)
  Path Type:              Min at Fast Process Corner
  Data Path Delay:        0.336ns  (logic 0.141ns (41.947%)  route 0.195ns (58.053%))
  Logic Levels:           1  (FDRE=1)

    Location             Delay type                Incr(ns)  Path(ns)    Netlist Resource(s)
  -------------------------------------------------------------------    -------------------
    SLICE_X62Y50         FDRE                         0.000     0.000 r  time_c_reg[12]/C
    SLICE_X62Y50         FDRE (Prop_fdre_C_Q)         0.141     0.141 r  time_c_reg[12]/Q
                         net (fo=3, routed)           0.195     0.336    time_c_reg[12]
    SLICE_X60Y48         FDRE                                         r  lap_c_reg[12]/D
  -------------------------------------------------------------------    -------------------

Slack:                    inf
  Source:                 tdr/tick_en_reg/C
                            (rising edge-triggered cell FDRE)
  Destination:            tdr/tick_en_reg/D
  Path Group:             (none)
  Path Type:              Min at Fast Process Corner
  Data Path Delay:        0.339ns  (logic 0.183ns (53.966%)  route 0.156ns (46.034%))
  Logic Levels:           2  (FDRE=1 LUT3=1)

    Location             Delay type                Incr(ns)  Path(ns)    Netlist Resource(s)
  -------------------------------------------------------------------    -------------------
    SLICE_X65Y48         FDRE                         0.000     0.000 r  tdr/tick_en_reg/C
    SLICE_X65Y48         FDRE (Prop_fdre_C_Q)         0.141     0.141 r  tdr/tick_en_reg/Q
                         net (fo=2, routed)           0.156     0.297    tdr/tick_en
    SLICE_X65Y48         LUT3 (Prop_lut3_I0_O)        0.042     0.339 r  tdr/tick_en_i_1/O
                         net (fo=1, routed)           0.000     0.339    tdr/tick_en_i_1_n_0
    SLICE_X65Y48         FDRE                                         r  tdr/tick_en_reg/D
  -------------------------------------------------------------------    -------------------

Slack:                    inf
  Source:                 time_c_reg[9]/C
                            (rising edge-triggered cell FDRE)
  Destination:            lap_c_reg[9]/D
  Path Group:             (none)
  Path Type:              Min at Fast Process Corner
  Data Path Delay:        0.339ns  (logic 0.141ns (41.555%)  route 0.198ns (58.445%))
  Logic Levels:           1  (FDRE=1)

    Location             Delay type                Incr(ns)  Path(ns)    Netlist Resource(s)
  -------------------------------------------------------------------    -------------------
    SLICE_X62Y49         FDRE                         0.000     0.000 r  time_c_reg[9]/C
    SLICE_X62Y49         FDRE (Prop_fdre_C_Q)         0.141     0.141 r  time_c_reg[9]/Q
                         net (fo=3, routed)           0.198     0.339    time_c_reg[9]
    SLICE_X60Y48         FDRE                                         r  lap_c_reg[9]/D
  -------------------------------------------------------------------    -------------------

Slack:                    inf
  Source:                 time_c_reg[5]/C
                            (rising edge-triggered cell FDRE)
  Destination:            lap_c_reg[5]/D
  Path Group:             (none)
  Path Type:              Min at Fast Process Corner
  Data Path Delay:        0.340ns  (logic 0.141ns (41.519%)  route 0.199ns (58.481%))
  Logic Levels:           1  (FDRE=1)

    Location             Delay type                Incr(ns)  Path(ns)    Netlist Resource(s)
  -------------------------------------------------------------------    -------------------
    SLICE_X62Y48         FDRE                         0.000     0.000 r  time_c_reg[5]/C
    SLICE_X62Y48         FDRE (Prop_fdre_C_Q)         0.141     0.141 r  time_c_reg[5]/Q
                         net (fo=3, routed)           0.199     0.340    time_c_reg[5]
    SLICE_X62Y51         FDRE                                         r  lap_c_reg[5]/D
  -------------------------------------------------------------------    -------------------

Slack:                    inf
  Source:                 time_c_reg[15]/C
                            (rising edge-triggered cell FDRE)
  Destination:            lap_c_reg[15]/D
  Path Group:             (none)
  Path Type:              Min at Fast Process Corner
  Data Path Delay:        0.340ns  (logic 0.141ns (41.492%)  route 0.199ns (58.508%))
  Logic Levels:           1  (FDRE=1)

    Location             Delay type                Incr(ns)  Path(ns)    Netlist Resource(s)
  -------------------------------------------------------------------    -------------------
    SLICE_X62Y50         FDRE                         0.000     0.000 r  time_c_reg[15]/C
    SLICE_X62Y50         FDRE (Prop_fdre_C_Q)         0.141     0.141 r  time_c_reg[15]/Q
                         net (fo=3, routed)           0.199     0.340    time_c_reg[15]
    SLICE_X60Y48         FDRE                                         r  lap_c_reg[15]/D
  -------------------------------------------------------------------    -------------------

Slack:                    inf
  Source:                 FSM_onehot_state_reg[2]/C
                            (rising edge-triggered cell FDRE)
  Destination:            FSM_onehot_state_reg[1]/D
  Path Group:             (none)
  Path Type:              Min at Fast Process Corner
  Data Path Delay:        0.344ns  (logic 0.186ns (54.092%)  route 0.158ns (45.908%))
  Logic Levels:           2  (FDRE=1 LUT6=1)

    Location             Delay type                Incr(ns)  Path(ns)    Netlist Resource(s)
  -------------------------------------------------------------------    -------------------
    SLICE_X65Y47         FDRE                         0.000     0.000 r  FSM_onehot_state_reg[2]/C
    SLICE_X65Y47         FDRE (Prop_fdre_C_Q)         0.141     0.141 r  FSM_onehot_state_reg[2]/Q
                         net (fo=21, routed)          0.158     0.299    FSM_onehot_state_reg_n_0_[2]
    SLICE_X65Y47         LUT6 (Prop_lut6_I3_O)        0.045     0.344 r  FSM_onehot_state[1]_i_1/O
                         net (fo=1, routed)           0.000     0.344    FSM_onehot_state[1]_i_1_n_0
    SLICE_X65Y47         FDRE                                         r  FSM_onehot_state_reg[1]/D
  -------------------------------------------------------------------    -------------------





